<?xml version="1.0" encoding="UTF-8"?>
<!-- Generated by org.testng.reporters.JUnitXMLReporter -->
<testsuite ignored="1" hostname="Divyalakshmi" failures="0" tests="5" name="Default test" time="0.111" errors="0" timestamp="2025-11-18T15:22:00 IST">
  <testcase classname="com.flipkart.TvPurchase" name="paymentProcess" time="0.015"/>
  <testcase classname="com.flipkart.TvPurchase" name="admissionForm" time="0.003"/>
  <testcase classname="com.flipkart.TvPurchase" name="studentEnrollment" time="0.001"/>
  <testcase classname="com.flipkart.TvPurchase" name="className" time="0.001"/>
  <testcase classname="com.flipkart.TvPurchase" name="className" time="0.001"/>
  <testcase classname="com.flipkart.TvPurchase" name="hostelName" time="0.0">
    <ignored/>
  </testcase> <!-- hostelName -->
</testsuite> <!-- Default test -->
