<?xml version="1.0" encoding="UTF-8"?>
<!-- Generated by org.testng.reporters.JUnitXMLReporter -->
<testsuite ignored="0" hostname="Divyalakshmi" failures="0" tests="4" name="Default test" time="11.409" errors="0" timestamp="2025-11-21T11:13:54 IST">
  <testcase classname="com.flipkart.TvPurchase" name="popupWindow" time="0.078"/>
  <testcase classname="com.flipkart.TvPurchase" name="search" time="6.831"/>
  <testcase classname="com.flipkart.TvPurchase" name="selectTv" time="0.166"/>
  <testcase classname="com.flipkart.TvPurchase" name="addProduct" time="1.618"/>
</testsuite> <!-- Default test -->
