<?xml version="1.0" encoding="UTF-8"?>
<!-- Generated by org.testng.reporters.JUnitXMLReporter -->
<testsuite ignored="3" hostname="Divyalakshmi" failures="0" tests="3" name="Test" time="0.078" errors="0" timestamp="2025-11-18T15:26:45 IST">
  <testcase classname="com.flipkart.TvPurchase" name="admissionForm" time="0.006"/>
  <testcase classname="com.flipkart.TvPurchase" name="className" time="0.003"/>
  <testcase classname="com.flipkart.TvPurchase" name="className" time="0.002"/>
  <testcase classname="com.flipkart.TvPurchase" name="hostelName" time="0.0">
    <ignored/>
  </testcase> <!-- hostelName -->
  <testcase classname="com.flipkart.TvPurchase" name="studentEnrollment" time="0.0">
    <ignored/>
  </testcase> <!-- studentEnrollment -->
  <testcase classname="com.flipkart.TvPurchase" name="paymentProcess" time="0.0">
    <ignored/>
  </testcase> <!-- paymentProcess -->
</testsuite> <!-- Test -->
