<?xml version="1.0" encoding="UTF-8"?>
<!-- Generated by org.testng.reporters.JUnitXMLReporter -->
<testsuite ignored="0" hostname="Divyalakshmi" failures="0" tests="9" name="Test" time="15.789" errors="0" timestamp="2025-11-21T11:19:05 IST">
  <testcase classname="com.flipkart.TvPurchase" name="popupWindow" time="0.056"/>
  <testcase classname="com.flipkart.IphonePurchase" name="popHandle" time="0.027"/>
  <testcase classname="com.flipkart.TvPurchase" name="search" time="7.019"/>
  <testcase classname="com.flipkart.TvPurchase" name="selectTv" time="0.148"/>
  <testcase classname="com.flipkart.IphonePurchase" name="productSearch" time="7.504"/>
  <testcase classname="com.flipkart.IphonePurchase" name="selectProduct" time="0.242"/>
  <testcase classname="com.flipkart.TvPurchase" name="addProduct" time="1.579"/>
  <testcase classname="com.flipkart.IphonePurchase" name="windowHandle" time="3.173"/>
  <testcase classname="com.flipkart.IphonePurchase" name="screenShot" time="0.399"/>
</testsuite> <!-- Test -->
