<?xml version="1.0" encoding="UTF-8"?>
<!-- Generated by org.testng.reporters.JUnitReportReporter -->
<testsuite hostname="Divyalakshmi" failures="0" tests="5" name="com.flipkart.IphonePurchase" time="11.347" errors="0" timestamp="2025-11-21T11:19:06 IST" skipped="0">
  <testcase classname="com.flipkart.IphonePurchase" name="popHandle" time="0.029"/>
  <testcase classname="com.flipkart.IphonePurchase" name="productSearch" time="7.504"/>
  <testcase classname="com.flipkart.IphonePurchase" name="selectProduct" time="0.242"/>
  <testcase classname="com.flipkart.IphonePurchase" name="windowHandle" time="3.173"/>
  <testcase classname="com.flipkart.IphonePurchase" name="screenShot" time="0.399"/>
</testsuite> <!-- com.flipkart.IphonePurchase -->
