<?xml version="1.0" encoding="UTF-8"?>
<!-- Generated by org.testng.reporters.JUnitReportReporter -->
<testsuite hostname="Divyalakshmi" failures="0" tests="4" name="com.flipkart.TvPurchase" time="0.014" errors="0" timestamp="2025-11-18T15:26:45 IST" skipped="1">
  <testcase classname="com.flipkart.TvPurchase" name="admissionForm" time="0.007"/>
  <testcase classname="com.flipkart.TvPurchase" name="className" time="0.003"/>
  <testcase classname="com.flipkart.TvPurchase" name="className" time="0.004"/>
  <testcase classname="com.flipkart.TvPurchase" name="hostelName">
    <skipped/>
  </testcase> <!-- hostelName -->
</testsuite> <!-- com.flipkart.TvPurchase -->
