<?xml version="1.0" encoding="UTF-8"?>
<!-- Generated by org.testng.reporters.JUnitReportReporter -->
<testsuite hostname="Divyalakshmi" failures="0" tests="6" name="com.flipkart.IphonePurchase" time="10.017" errors="0" timestamp="2025-11-18T15:24:30 IST" skipped="0">
  <testcase classname="com.flipkart.IphonePurchase" name="popHandle" time="0.140"/>
  <testcase classname="com.flipkart.IphonePurchase" name="productSearch" time="7.214"/>
  <testcase classname="com.flipkart.IphonePurchase" name="selectProduct" time="0.227"/>
  <testcase classname="com.flipkart.IphonePurchase" name="selectProduct" time="0.231"/>
  <testcase classname="com.flipkart.IphonePurchase" name="windowHandle" time="1.827"/>
  <testcase classname="com.flipkart.IphonePurchase" name="screenShot" time="0.378"/>
</testsuite> <!-- com.flipkart.IphonePurchase -->
