<?xml version="1.0" encoding="UTF-8"?>
<!-- Generated by org.testng.reporters.JUnitReportReporter -->
<testsuite hostname="Divyalakshmi" failures="0" tests="4" name="com.flipkart.TvPurchase" time="8.807" errors="0" timestamp="2025-11-21T11:19:06 IST" skipped="0">
  <testcase classname="com.flipkart.TvPurchase" name="popupWindow" time="0.058"/>
  <testcase classname="com.flipkart.TvPurchase" name="search" time="7.019"/>
  <testcase classname="com.flipkart.TvPurchase" name="selectTv" time="0.150"/>
  <testcase classname="com.flipkart.TvPurchase" name="addProduct" time="1.580"/>
</testsuite> <!-- com.flipkart.TvPurchase -->
